<?xml version="1.0" encoding="UTF-8"?>
<!-- Generated by org.testng.reporters.JUnitXMLReporter -->
<testsuite ignored="2" hostname="DESKTOP-UNVGE05" failures="0" tests="1" name="Default test" time="17.504" errors="0" timestamp="24 Apr 2023 22:36:04 GMT">
  <testcase classname="testcases.LoginTest" name="test4" time="14.712"/>
  <testcase classname="testcases.LoginTest" name="test1" time="0.0">
    <ignored/>
  </testcase> <!-- test1 -->
  <testcase classname="testcases.LoginTest" name="test2" time="0.0">
    <ignored/>
  </testcase> <!-- test2 -->
</testsuite> <!-- Default test -->
