<?xml version="1.0" encoding="UTF-8"?>
<testng-results ignored="0" total="3" passed="3" failed="0" skipped="0">
  <reporter-output>
  </reporter-output>
  <suite started-at="2023-04-24T22:36:52Z" name="Suite" finished-at="2023-04-24T22:37:25Z" duration-ms="32842">
    <groups>
    </groups>
    <test started-at="2023-04-24T22:36:52Z" name="Test" finished-at="2023-04-24T22:37:25Z" duration-ms="32842">
      <class name="testcases.LoginTest">
        <test-method is-config="true" signature="ReportSetup()[pri:0, instance:testcases.LoginTest@1df8b5b8]" started-at="2023-04-24T22:36:51Z" name="ReportSetup" finished-at="2023-04-24T22:36:52Z" duration-ms="309" status="PASS">
          <reporter-output>
          </reporter-output>
        </test-method> <!-- ReportSetup -->
        <test-method is-config="true" signature="SetUp(java.lang.reflect.Method)[pri:0, instance:testcases.LoginTest@1df8b5b8]" started-at="2023-04-24T22:36:52Z" name="SetUp" finished-at="2023-04-24T22:36:54Z" duration-ms="2443" status="PASS">
          <params>
            <param index="0">
              <value>
                <![CDATA[public void testcases.LoginTest.test1() throws java.lang.InterruptedException]]>
              </value>
            </param>
          </params>
          <reporter-output>
          </reporter-output>
        </test-method> <!-- SetUp -->
        <test-method signature="test1()[pri:2, instance:testcases.LoginTest@1df8b5b8]" started-at="2023-04-24T22:36:54Z" name="test1" finished-at="2023-04-24T22:37:03Z" duration-ms="8675" status="PASS">
          <reporter-output>
          </reporter-output>
        </test-method> <!-- test1 -->
        <test-method is-config="true" signature="TearDown()[pri:0, instance:testcases.LoginTest@1df8b5b8]" started-at="2023-04-24T22:37:03Z" name="TearDown" finished-at="2023-04-24T22:37:03Z" duration-ms="299" status="PASS">
          <reporter-output>
          </reporter-output>
        </test-method> <!-- TearDown -->
        <test-method is-config="true" signature="SetUp(java.lang.reflect.Method)[pri:0, instance:testcases.LoginTest@1df8b5b8]" started-at="2023-04-24T22:37:03Z" name="SetUp" finished-at="2023-04-24T22:37:05Z" duration-ms="2066" status="PASS">
          <params>
            <param index="0">
              <value>
                <![CDATA[public void testcases.LoginTest.test2() throws java.lang.InterruptedException]]>
              </value>
            </param>
          </params>
          <reporter-output>
          </reporter-output>
        </test-method> <!-- SetUp -->
        <test-method signature="test2()[pri:3, instance:testcases.LoginTest@1df8b5b8]" started-at="2023-04-24T22:37:05Z" name="test2" finished-at="2023-04-24T22:37:15Z" duration-ms="9492" status="PASS">
          <reporter-output>
          </reporter-output>
        </test-method> <!-- test2 -->
        <test-method is-config="true" signature="TearDown()[pri:0, instance:testcases.LoginTest@1df8b5b8]" started-at="2023-04-24T22:37:15Z" name="TearDown" finished-at="2023-04-24T22:37:15Z" duration-ms="301" status="PASS">
          <reporter-output>
          </reporter-output>
        </test-method> <!-- TearDown -->
        <test-method is-config="true" signature="SetUp(java.lang.reflect.Method)[pri:0, instance:testcases.LoginTest@1df8b5b8]" started-at="2023-04-24T22:37:15Z" name="SetUp" finished-at="2023-04-24T22:37:17Z" duration-ms="2050" status="PASS">
          <params>
            <param index="0">
              <value>
                <![CDATA[public void testcases.LoginTest.test4() throws java.lang.InterruptedException,com.codoid.products.exception.FilloException]]>
              </value>
            </param>
          </params>
          <reporter-output>
          </reporter-output>
        </test-method> <!-- SetUp -->
        <test-method signature="test4()[pri:4, instance:testcases.LoginTest@1df8b5b8]" started-at="2023-04-24T22:37:17Z" name="test4" finished-at="2023-04-24T22:37:24Z" duration-ms="7182" status="PASS">
          <reporter-output>
          </reporter-output>
        </test-method> <!-- test4 -->
        <test-method is-config="true" signature="TearDown()[pri:0, instance:testcases.LoginTest@1df8b5b8]" started-at="2023-04-24T22:37:24Z" name="TearDown" finished-at="2023-04-24T22:37:25Z" duration-ms="323" status="PASS">
          <reporter-output>
          </reporter-output>
        </test-method> <!-- TearDown -->
        <test-method is-config="true" signature="ReportClean()[pri:0, instance:testcases.LoginTest@1df8b5b8]" started-at="2023-04-24T22:37:25Z" name="ReportClean" finished-at="2023-04-24T22:37:25Z" duration-ms="152" status="PASS">
          <reporter-output>
          </reporter-output>
        </test-method> <!-- ReportClean -->
      </class> <!-- testcases.LoginTest -->
    </test> <!-- Test -->
  </suite> <!-- Suite -->
</testng-results>
