<?xml version="1.0" encoding="UTF-8"?>
<testng-results ignored="0" total="2" passed="2" failed="0" skipped="0">
  <reporter-output>
  </reporter-output>
  <suite started-at="2023-04-22T05:06:39Z" name="Default suite" finished-at="2023-04-22T05:07:13Z" duration-ms="33963">
    <groups>
    </groups>
    <test started-at="2023-04-22T05:06:39Z" name="Default test" finished-at="2023-04-22T05:07:13Z" duration-ms="33963">
      <class name="testcases.LoginTest">
        <test-method is-config="true" signature="SetUp()[pri:0, instance:testcases.LoginTest@181e731e]" started-at="2023-04-22T05:06:39Z" name="SetUp" finished-at="2023-04-22T05:06:42Z" duration-ms="3119" status="PASS">
          <reporter-output>
          </reporter-output>
        </test-method> <!-- SetUp -->
        <test-method signature="test1()[pri:0, instance:testcases.LoginTest@181e731e]" started-at="2023-04-22T05:06:42Z" name="test1" finished-at="2023-04-22T05:06:58Z" duration-ms="15220" status="PASS">
          <reporter-output>
          </reporter-output>
        </test-method> <!-- test1 -->
        <test-method is-config="true" signature="TearDown()[pri:0, instance:testcases.LoginTest@181e731e]" started-at="2023-04-22T05:06:58Z" name="TearDown" finished-at="2023-04-22T05:06:58Z" duration-ms="378" status="PASS">
          <reporter-output>
          </reporter-output>
        </test-method> <!-- TearDown -->
        <test-method is-config="true" signature="SetUp()[pri:0, instance:testcases.LoginTest@181e731e]" started-at="2023-04-22T05:06:58Z" name="SetUp" finished-at="2023-04-22T05:07:02Z" duration-ms="3746" status="PASS">
          <reporter-output>
          </reporter-output>
        </test-method> <!-- SetUp -->
        <test-method signature="test2()[pri:0, instance:testcases.LoginTest@181e731e]" started-at="2023-04-22T05:07:02Z" name="test2" finished-at="2023-04-22T05:07:13Z" duration-ms="11066" status="PASS">
          <reporter-output>
          </reporter-output>
        </test-method> <!-- test2 -->
        <test-method is-config="true" signature="TearDown()[pri:0, instance:testcases.LoginTest@181e731e]" started-at="2023-04-22T05:07:13Z" name="TearDown" finished-at="2023-04-22T05:07:13Z" duration-ms="420" status="PASS">
          <reporter-output>
          </reporter-output>
        </test-method> <!-- TearDown -->
      </class> <!-- testcases.LoginTest -->
    </test> <!-- Default test -->
  </suite> <!-- Default suite -->
</testng-results>
